<?xml version="1.0" encoding="UTF-8"?>
<!-- Generated by org.testng.reporters.JUnitReportReporter -->
<testsuite hostname="f9d60eef2603" failures="0" tests="3" name="com.lambdatest.Tests.ParallelTest" time="6.792" errors="0" timestamp="28 Jun 2023 13:28:31 GMT">
  <testcase classname="com.lambdatest.Tests.ParallelTest" name="test" time="2.113"/>
  <testcase classname="com.lambdatest.Tests.ParallelTest" name="test" time="2.570"/>
  <testcase classname="com.lambdatest.Tests.ParallelTest" name="test" time="2.109"/>
</testsuite> <!-- com.lambdatest.Tests.ParallelTest -->
